<?xml version="1.0" encoding="UTF-8"?>
<!-- Generated by org.testng.reporters.JUnitReportReporter -->
<testsuite hostname="DESKTOP-FTFGOLE" failures="0" tests="1" name="Test.DataDriven" time="2.807" errors="0" timestamp="2024-01-03T23:22:52 IST" skipped="0">
  <testcase classname="Test.DataDriven" name="test_Delete2" time="2.807"/>
  <system-out/>
</testsuite> <!-- Test.DataDriven -->
