<?xml version="1.0" encoding="UTF-8"?>
<!-- Generated by org.testng.reporters.JUnitReportReporter -->
<testsuite hostname="DESKTOP-FTFGOLE" failures="0" tests="1" name="Test.Test_Delete" time="4.704" errors="0" timestamp="2024-01-02T21:51:26 IST" skipped="0">
  <testcase classname="Test.Test_Delete" name="delete" time="4.704"/>
  <system-out/>
</testsuite> <!-- Test.Test_Delete -->
