<?xml version="1.0" encoding="UTF-8"?>
<!-- Generated by org.testng.reporters.JUnitReportReporter -->
<testsuite hostname="DESKTOP-FTFGOLE" failures="0" tests="1" name="Test.Test_Patch" time="3.924" errors="0" timestamp="2024-01-02T21:44:19 IST" skipped="0">
  <testcase classname="Test.Test_Patch" name="test1" time="3.924"/>
  <system-out/>
</testsuite> <!-- Test.Test_Patch -->
