<?xml version="1.0" encoding="UTF-8"?>
<!-- Generated by org.testng.reporters.JUnitReportReporter -->
<testsuite hostname="DESKTOP-FTFGOLE" failures="0" tests="1" name="Test.Test_Post" time="3.995" errors="0" timestamp="2024-01-02T20:44:20 IST" skipped="0">
  <testcase classname="Test.Test_Post" name="test2" time="3.995"/>
  <system-out/>
</testsuite> <!-- Test.Test_Post -->
