<?xml version="1.0" encoding="UTF-8"?>
<!-- Generated by org.testng.reporters.JUnitReportReporter -->
<testsuite hostname="DESKTOP-FTFGOLE" failures="0" tests="1" name="Test.Test_DummyURL" time="2.758" errors="0" timestamp="2024-01-03T21:58:17 IST" skipped="0">
  <testcase classname="Test.Test_DummyURL" name="test_Delete" time="2.758"/>
  <system-out/>
</testsuite> <!-- Test.Test_DummyURL -->
