<?xml version="1.0" encoding="UTF-8"?>
<!-- Generated by org.testng.reporters.JUnitReportReporter -->
<testsuite hostname="DESKTOP-FTFGOLE" failures="0" tests="1" name="Test.Test_GET" time="4.878" errors="0" timestamp="2024-01-02T20:33:55 IST" skipped="0">
  <testcase classname="Test.Test_GET" name="test1" time="4.878"/>
  <system-out/>
</testsuite> <!-- Test.Test_GET -->
