<?xml version="1.0" encoding="UTF-8"?>
<!-- Generated by org.testng.reporters.JUnitReportReporter -->
<testsuite hostname="DESKTOP-FTFGOLE" failures="0" tests="1" name="Test.DemoTest" time="5.182" errors="0" timestamp="2024-01-02T15:02:29 IST" skipped="0">
  <testcase classname="Test.DemoTest" name="test2" time="5.182"/>
  <system-out/>
</testsuite> <!-- Test.DemoTest -->
