<?xml version="1.0" encoding="UTF-8"?>
<!-- Generated by org.testng.reporters.JUnitReportReporter -->
<testsuite hostname="DESKTOP-FTFGOLE" failures="0" tests="2" name="Test.Parametarization_Datadriven" time="3.385" errors="0" timestamp="2024-01-03T22:41:12 IST" skipped="0">
  <testcase classname="Test.Parametarization_Datadriven" name="test_Post" time="0.065"/>
  <system-out/>
  <testcase classname="Test.Parametarization_Datadriven" name="test_Post" time="3.320"/>
  <system-out/>
</testsuite> <!-- Test.Parametarization_Datadriven -->
